<?xml version="1.0" encoding="UTF-8"?>
<!-- Generated by org.testng.reporters.JUnitReportReporter -->
<testsuite hostname="LP-000873.local" failures="0" tests="3" name="com.qa.crm2.tests.RegPageTest" time="82.423" errors="0" timestamp="2025-07-27T07:17:03 IST" skipped="0">
  <testcase classname="com.qa.crm2.tests.RegPageTest" name="userRegTest" time="38.868"/>
  <testcase classname="com.qa.crm2.tests.RegPageTest" name="userRegTest" time="39.820"/>
  <testcase classname="com.qa.crm2.tests.RegPageTest" name="userRegTest" time="3.735"/>
</testsuite> <!-- com.qa.crm2.tests.RegPageTest -->
