<?xml version="1.0" encoding="UTF-8"?>
<!-- Generated by org.testng.reporters.JUnitReportReporter -->
<testsuite hostname="LP-000873.local" failures="0" tests="1" name="com.qa.crm2.tests.AddToCartPageTest" time="39.576" errors="0" timestamp="2025-07-28T11:51:04 IST" skipped="0">
  <testcase classname="com.qa.crm2.tests.AddToCartPageTest" name="addToCartPageTitleTest" time="39.576"/>
</testsuite> <!-- com.qa.crm2.tests.AddToCartPageTest -->
