<?xml version="1.0" encoding="UTF-8"?>
<!-- Generated by org.testng.reporters.JUnitReportReporter -->
<testsuite hostname="LP-000873.local" failures="0" tests="8" name="com.qa.crm2.tests.LoginPageTest" time="76.328" errors="0" timestamp="2025-07-27T08:34:49 IST" skipped="0">
  <testcase classname="com.qa.crm2.tests.LoginPageTest" name="loginTest" time="4.385"/>
  <testcase classname="com.qa.crm2.tests.LoginPageTest" name="forgotPwdLinkExistTest" time="35.643"/>
  <testcase classname="com.qa.crm2.tests.LoginPageTest" name="loginPageTitleTest" time="0.042"/>
  <testcase classname="com.qa.crm2.tests.LoginPageTest" name="loginTest" time="0.939"/>
  <testcase classname="com.qa.crm2.tests.LoginPageTest" name="forgotPwdLinkExistTest" time="35.251"/>
  <testcase classname="com.qa.crm2.tests.LoginPageTest" name="loginPageTitleTest" time="0.020"/>
  <testcase classname="com.qa.crm2.tests.LoginPageTest" name="loginPageUrlTest" time="0.019"/>
  <testcase classname="com.qa.crm2.tests.LoginPageTest" name="loginPageUrlTest" time="0.029"/>
</testsuite> <!-- com.qa.crm2.tests.LoginPageTest -->
