<?xml version="1.0" encoding="UTF-8"?>
<!-- Generated by org.testng.reporters.JUnitReportReporter -->
<testsuite hostname="LP-000873.local" failures="0" tests="4" name="com.qa.crm2.tests.SearchResultsTest" time="77.278" errors="0" timestamp="2025-07-28T11:51:04 IST" skipped="0">
  <testcase classname="com.qa.crm2.tests.SearchResultsTest" name="searchResultsCountTest" time="38.871"/>
  <testcase classname="com.qa.crm2.tests.SearchResultsTest" name="searchResultsCountTest" time="1.344"/>
  <testcase classname="com.qa.crm2.tests.SearchResultsTest" name="searchResultsCountTest" time="0.947"/>
  <testcase classname="com.qa.crm2.tests.SearchResultsTest" name="searchResultsTest" time="36.116"/>
</testsuite> <!-- com.qa.crm2.tests.SearchResultsTest -->
