<?xml version="1.0" encoding="UTF-8"?>
<!-- Generated by org.testng.reporters.JUnitReportReporter -->
<testsuite hostname="LP-000873.local" failures="0" tests="1" name="com.qa.crm2.tests.AddToCartPageTest" time="38.372" errors="0" timestamp="2025-07-27T07:17:03 IST" skipped="0">
  <testcase classname="com.qa.crm2.tests.AddToCartPageTest" name="addToCartPageTitleTest" time="38.372"/>
</testsuite> <!-- com.qa.crm2.tests.AddToCartPageTest -->
