<?xml version="1.0" encoding="UTF-8"?>
<!-- Generated by org.testng.reporters.JUnitReportReporter -->
<testsuite hostname="LP-000873.local" failures="0" tests="3" name="com.qa.crm2.tests.RegPageTest" time="86.937" errors="0" timestamp="2025-07-27T08:34:49 IST" skipped="0">
  <testcase classname="com.qa.crm2.tests.RegPageTest" name="userRegTest" time="4.452"/>
  <testcase classname="com.qa.crm2.tests.RegPageTest" name="userRegTest" time="39.646"/>
  <testcase classname="com.qa.crm2.tests.RegPageTest" name="userRegTest" time="42.839"/>
</testsuite> <!-- com.qa.crm2.tests.RegPageTest -->
