<?xml version="1.0" encoding="UTF-8"?>
<!-- Generated by org.testng.reporters.JUnitReportReporter -->
<testsuite hostname="LP-000873.local" failures="0" tests="4" name="com.qa.crm2.tests.SearchResultsTest" time="29.230" errors="0" timestamp="2025-07-25T23:34:39 IST" skipped="0">
  <testcase classname="com.qa.crm2.tests.SearchResultsTest" name="searchResultsCountTest" time="7.144"/>
  <testcase classname="com.qa.crm2.tests.SearchResultsTest" name="searchResultsCountTest" time="3.755"/>
  <testcase classname="com.qa.crm2.tests.SearchResultsTest" name="searchResultsTest" time="3.351"/>
  <testcase classname="com.qa.crm2.tests.SearchResultsTest" name="searchResultsCountTest" time="14.980"/>
</testsuite> <!-- com.qa.crm2.tests.SearchResultsTest -->
