<?xml version="1.0" encoding="UTF-8"?>
<!-- Generated by org.testng.reporters.JUnitReportReporter -->
<testsuite hostname="LP-000873.local" failures="0" tests="3" name="com.qa.crm2.tests.RegPageTest" time="43.053" errors="0" timestamp="2025-07-28T11:51:04 IST" skipped="0">
  <testcase classname="com.qa.crm2.tests.RegPageTest" name="userRegTest" time="37.805"/>
  <testcase classname="com.qa.crm2.tests.RegPageTest" name="userRegTest" time="2.677"/>
  <testcase classname="com.qa.crm2.tests.RegPageTest" name="userRegTest" time="2.571"/>
</testsuite> <!-- com.qa.crm2.tests.RegPageTest -->
