<?xml version="1.0" encoding="UTF-8"?>
<!-- Generated by org.testng.reporters.JUnitReportReporter -->
<testsuite hostname="LP-000873.local" failures="0" tests="2" name="com.qa.crm2.tests.AddToCartPageTest" time="35.159" errors="0" timestamp="2025-07-25T23:34:39 IST" skipped="1">
  <testcase classname="com.qa.crm2.tests.AddToCartPageTest" name="addToCartPageTitleTest" time="16.756">
    <skipped/>
  </testcase> <!-- addToCartPageTitleTest -->
  <testcase classname="com.qa.crm2.tests.AddToCartPageTest" name="addToCartPageTitleTest" time="18.403"/>
</testsuite> <!-- com.qa.crm2.tests.AddToCartPageTest -->
