<?xml version="1.0" encoding="UTF-8"?>
<!-- Generated by org.testng.reporters.JUnitReportReporter -->
<testsuite hostname="LP-000873.local" failures="0" tests="6" name="com.qa.crm2.tests.AccountsPageTest" time="36.806" errors="0" timestamp="2025-07-28T11:51:04 IST" skipped="0">
  <testcase classname="com.qa.crm2.tests.AccountsPageTest" name="isLogoutLinkExistTest" time="0.066"/>
  <testcase classname="com.qa.crm2.tests.AccountsPageTest" name="accPageURLTest" time="0.012"/>
  <testcase classname="com.qa.crm2.tests.AccountsPageTest" name="searchTest" time="1.612"/>
  <testcase classname="com.qa.crm2.tests.AccountsPageTest" name="accPageTitleTest" time="0.012"/>
  <testcase classname="com.qa.crm2.tests.AccountsPageTest" name="isMyAccountLinkExistTest" time="0.025"/>
  <testcase classname="com.qa.crm2.tests.AccountsPageTest" name="accPageHeadersTest" time="35.079"/>
</testsuite> <!-- com.qa.crm2.tests.AccountsPageTest -->
